<?xml version="1.0" encoding="UTF-8"?>
<!-- Generated by org.testng.reporters.JUnitReportReporter -->
<testsuite skipped="0" hostname="Ahmad" name="RestAPIAssig.GetAssign" tests="1" failures="0" timestamp="28 Nov 2021 16:17:17 GMT" time="9.236" errors="0">
  <testcase name="GetCallAssign" time="9.236" classname="RestAPIAssig.GetAssign"/>
</testsuite> <!-- RestAPIAssig.GetAssign -->
