<?xml version="1.0" encoding="UTF-8"?>
<!-- Generated by org.testng.reporters.JUnitReportReporter -->
<testsuite skipped="0" hostname="Ahmad" name="oAuth.oAuthExample" tests="1" failures="0" timestamp="28 Nov 2021 16:54:30 GMT" time="4.417" errors="0">
  <testcase name="test1" time="4.417" classname="oAuth.oAuthExample"/>
</testsuite> <!-- oAuth.oAuthExample -->
