<?xml version="1.0" encoding="UTF-8"?>
<!-- Generated by org.testng.reporters.JUnitReportReporter -->
<testsuite skipped="0" hostname="Ahmad" name="RestAPIAssig.PostAssign" tests="1" failures="0" timestamp="28 Nov 2021 16:20:42 GMT" time="5.723" errors="0">
  <testcase name="PostCallAssign" time="5.723" classname="RestAPIAssig.PostAssign"/>
</testsuite> <!-- RestAPIAssig.PostAssign -->
