<?xml version="1.0" encoding="UTF-8"?>
<!-- Generated by org.testng.reporters.JUnitReportReporter -->
<testsuite skipped="0" hostname="Ahmad" name="RestAPIAssig.PutAssign" tests="1" failures="0" timestamp="28 Nov 2021 16:21:53 GMT" time="4.428" errors="0">
  <testcase name="PutCallAssign" time="4.428" classname="RestAPIAssig.PutAssign"/>
</testsuite> <!-- RestAPIAssig.PutAssign -->
