<?xml version="1.0" encoding="UTF-8"?>
<!-- Generated by org.testng.reporters.JUnitReportReporter -->
<testsuite skipped="0" hostname="Ahmad" name="RestAPIAssig.DeleteAssign" tests="1" failures="0" timestamp="28 Nov 2021 15:07:15 GMT" time="2.280" errors="0">
  <testcase name="DeleteCallAssign" time="2.280" classname="RestAPIAssig.DeleteAssign"/>
</testsuite> <!-- RestAPIAssig.DeleteAssign -->
